sudo dpkg --configure -a #패키지 확인 및 재설치

sudo snap install chromium

cd ~/Downloads
# 파일 다운로드한 폴더로 이동

sudo apt install ./code_1.106.3-1764110883_arm64.deb
# sudo apt install 명령으로 설치파일 실행 window apt? Yes

# 파이썬 pip 설치하기
sudo apt update
sudo apt install python3-pip

#jtop 설치하기
sudo pip3 install -U jetson-stats

#재부팅
sudo reboot

#가상환경 설치
sudo apt install python3-venv

#각종 문법
cd ~/ #폴더 이동
python3 -m venv 가상환경이름 # 가상환경 만들기
source 가상환경이름/bin/activate # 활성화

#requirement 설치, 3.10 버전이고 requirement는 3.12버전 기준이라 수동 설치 필요함
pip install "opencv-python==4.9.0.80"
pip install "numpy==1.26.4"
pip install mediapipe "numpy<2.0"
pip install mediapipe==0.10.14

# cpuinfo 라이브러리 최신화
pip install --upgrade py-cpuinfo# cpuinfo 라이브러리 최신화

# camera 드라이버 설치
sudo /opt/nvidia/jetson-io/jetson-io.py

Configure Jetson 24pin CSI Connector 선택
Configure for compatible hardware 선택
IMX219 선택 (-A: cam0, - C: cam1)

# 카메라 연결  확인
nvgstcapture-1.0

#git 연동

# 1. 이름 등록 (본인 닉네임이나 영어 이름)
git config --global user.name "Hyunseo" 

# 2. 이메일 등록 (GitHub 가입할 때 쓴 이메일 권장)
git config --global user.email "your_email@example.com"

# for Cuda 
pip3 uninstall -y opencv-python opencv-contrib-python opencv-python-headless torch torchvision ultralytics
pip3 install --no-cache-dir torch torchvision --index-url https://pypi.jetson-ai-lab.io/jp6/cu126
pip3 install ultralytics
# Ultralytics가 멋대로 깐 깡통 OpenCV 다시 삭제
pip3 uninstall -y opencv-python opencv-contrib-python

# Check
python3 -c "import torch; import cv2; print(f'GPU: {torch.cuda.is_available()}'); print(f'Camera: {cv2.getBuildInformation().find(\"GStreamer: YES\") != -1}')"

 module that was compiled using NumPy 1.x cannot be run in
NumPy 2.2.6 as it may crash. To support both 1.x and 2.x
versions of NumPy, modules must be compiled with NumPy 2.0.
Some module may need to rebuild instead e.g. with 'pybind11>=2.12'.

If you are a user of the module, the easiest solution will be to
downgrade to 'numpy<2' or try to upgrade the affected module.
We expect that some modules will need time to support NumPy 2.

Traceback (most recent call last):  File "<string>", line 1, in <module>
  File "/home/hyunseo/.local/lib/python3.10/site-packages/torch/__init__.py", line 2270, in <module>
    from torch import quantization as quantization  # usort: skip
  File "/home/hyunseo/.local/lib/python3.10/site-packages/torch/quantization/__init__.py", line 2, in <module>
    from .fake_quantize import *  # noqa: F403
  File "/home/hyunseo/.local/lib/python3.10/site-packages/torch/quantization/fake_quantize.py", line 10, in <module>
    from torch.ao.quantization.fake_quantize import (
  File "/home/hyunseo/.local/lib/python3.10/site-packages/torch/ao/quantization/__init__.py", line 13, in <module>
    from .pt2e._numeric_debugger import (  # noqa: F401
  File "/home/hyunseo/.local/lib/python3.10/site-packages/torch/ao/quantization/pt2e/_numeric_debugger.py", line 9, in <module>
    from torch.ao.quantization.pt2e.graph_utils import bfs_trace_with_node_process
  File "/home/hyunseo/.local/lib/python3.10/site-packages/torch/ao/quantization/pt2e/graph_utils.py", line 9, in <module>
    from torch.export import ExportedProgram
  File "/home/hyunseo/.local/lib/python3.10/site-packages/torch/export/__init__.py", line 41, in <module>
    from .decomp_utils import CustomDecompTable
  File "/home/hyunseo/.local/lib/python3.10/site-packages/torch/export/decomp_utils.py", line 5, in <module>
    from torch._export.utils import (
  File "/home/hyunseo/.local/lib/python3.10/site-packages/torch/_export/__init__.py", line 48, in <module>
    from .wrappers import _wrap_submodules
  File "/home/hyunseo/.local/lib/python3.10/site-packages/torch/_export/wrappers.py", line 7, in <module>
    from torch._higher_order_ops.flat_apply import (
  File "/home/hyunseo/.local/lib/python3.10/site-packages/torch/_higher_order_ops/__init__.py", line 1, in <module>
    from torch._higher_order_ops._invoke_quant import (
  File "/home/hyunseo/.local/lib/python3.10/site-packages/torch/_higher_order_ops/_invoke_quant.py", line 8, in <module>
    from torch._higher_order_ops.base_hop import BaseHOP, FunctionWithNoFreeVars
  File "/home/hyunseo/.local/lib/python3.10/site-packages/torch/_higher_order_ops/base_hop.py", line 9, in <module>
    from torch._higher_order_ops.auto_functionalize import FunctionalCallableWithEpilogue
  File "/home/hyunseo/.local/lib/python3.10/site-packages/torch/_higher_order_ops/auto_functionalize.py", line 13, in <module>
    from torch._higher_order_ops.utils import (
  File "/home/hyunseo/.local/lib/python3.10/site-packages/torch/_higher_order_ops/utils.py", line 16, in <module>
    from torch._subclasses.functional_tensor import (
  File "/home/hyunseo/.local/lib/python3.10/site-packages/torch/_subclasses/functional_tensor.py", line 46, in <module>
    class FunctionalTensor(torch.Tensor):
  File "/home/hyunseo/.local/lib/python3.10/site-packages/torch/_subclasses/functional_tensor.py", line 279, in FunctionalTensor
    cpu = _conversion_method_template(device=torch.device("cpu"))
/home/hyunseo/.local/lib/python3.10/site-packages/torch/_subclasses/functional_tensor.py:279: UserWarning: Failed to initialize NumPy: 
A module that was compiled using NumPy 1.x cannot be run in
NumPy 2.2.6 as it may crash. To support both 1.x and 2.x
versions of NumPy, modules must be compiled with NumPy 2.0.
Some module may need to rebuild instead e.g. with 'pybind11>=2.12'.

If you are a user of the module, the easiest solution will be to
downgrade to 'numpy<2' or try to upgrade the affected module.
We expect that some modules will need time to support NumPy 2.

 (Triggered internally at /opt/pytorch/torch/csrc/utils/tensor_numpy.cpp:82.)
  cpu = _conversion_method_template(device=torch.device("cpu"))

A module that was compiled using NumPy 1.x cannot be run in
NumPy 2.2.6 as it may crash. To support both 1.x and 2.x
versions of NumPy, modules must be compiled with NumPy 2.0.
Some module may need to rebuild instead e.g. with 'pybind11>=2.12'.

If you are a user of the module, the easiest solution will be to
downgrade to 'numpy<2' or try to upgrade the affected module.
We expect that some modules will need time to support NumPy 2.

Traceback (most recent call last):  File "<string>", line 1, in <module>
  File "/usr/lib/python3.10/dist-packages/cv2/__init__.py", line 181, in <module>
    bootstrap()
  File "/usr/lib/python3.10/dist-packages/cv2/__init__.py", line 153, in bootstrap
    native_module = importlib.import_module("cv2")
  File "/usr/lib/python3.10/importlib/__init__.py", line 126, in import_module
    return _bootstrap._gcd_import(name[level:], package, level)
AttributeError: _ARRAY_API not found
Traceback (most recent call last):
  File "<string>", line 1, in <module>
  File "/usr/lib/python3.10/dist-packages/cv2/__init__.py", line 181, in <module>
    bootstrap()
  File "/usr/lib/python3.10/dist-packages/cv2/__init__.py", line 153, in bootstrap
    native_module = importlib.import_module("cv2")
  File "/usr/lib/python3.10/importlib/__init__.py", line 126, in import_module
    return _bootstrap._gcd_import(name[level:], package, level)
ImportError: numpy.core.multiarray failed to import
